# JRE version: Java(TM) SE Runtime Environment (8.0_111-b14) (build 1.8.0_111-b14)
# Java VM: Java HotSpot(TM) Client VM (25.111-b14 mixed mode windows-x86 )
Heap:
 def new generation   total 6016K, used 2630K [0x04600000, 0x04c80000, 0x09b50000)
  eden space 5376K,  42% used [0x04600000, 0x04835e30, 0x04b40000)
  from space 640K,  57% used [0x04be0000, 0x04c3bb78, 0x04c80000)
  to   space 640K,   0% used [0x04b40000, 0x04b40000, 0x04be0000)
 tenured generation   total 13188K, used 12256K [0x09b50000, 0x0a831000, 0x14600000)
   the space 13188K,  92% used [0x09b50000, 0x0a748000, 0x0a748000, 0x0a831000)
 Metaspace       used 17696K, capacity 18486K, committed 18560K, reserved 18816K
GC Heap History (10 events):
Event: 31.861 GC heap before
{Heap before GC invocations=10 (full 4):
 def new generation   total 6016K, used 5376K [0x04600000, 0x04c80000, 0x09b50000)
  eden space 5376K, 100% used [0x04600000, 0x04b40000, 0x04b40000)
  from space 640K,   0% used [0x04b40000, 0x04b40000, 0x04be0000)
  to   space 640K,   0% used [0x04be0000, 0x04be0000, 0x04c80000)
 tenured generation   total 13188K, used 7911K [0x09b50000, 0x0a831000, 0x14600000)
   the space 13188K,  59% used [0x09b50000, 0x0a309d00, 0x0a309e00, 0x0a831000)
 Metaspace       used 13701K, capacity 14119K, committed 14208K, reserved 14720K
Event: 31.873 GC heap after
Heap after GC invocations=11 (full 4):
 def new generation   total 6016K, used 640K [0x04600000, 0x04c80000, 0x09b50000)
  eden space 5376K,   0% used [0x04600000, 0x04600000, 0x04b40000)
  from space 640K, 100% used [0x04be0000, 0x04c80000, 0x04c80000)
  to   space 640K,   0% used [0x04b40000, 0x04b40000, 0x04be0000)
 tenured generation   total 13188K, used 8118K [0x09b50000, 0x0a831000, 0x14600000)
   the space 13188K,  61% used [0x09b50000, 0x0a33da10, 0x0a33dc00, 0x0a831000)
 Metaspace       used 13701K, capacity 14119K, committed 14208K, reserved 14720K
}
Event: 33.467 GC heap before
{Heap before GC invocations=11 (full 4):
 def new generation   total 6016K, used 5975K [0x04600000, 0x04c80000, 0x09b50000)
  eden space 5376K,  99% used [0x04600000, 0x04b35d18, 0x04b40000)
  from space 640K, 100% used [0x04be0000, 0x04c80000, 0x04c80000)
  to   space 640K,   0% used [0x04b40000, 0x04b40000, 0x04be0000)
 tenured generation   total 13188K, used 8118K [0x09b50000, 0x0a831000, 0x14600000)
   the space 13188K,  61% used [0x09b50000, 0x0a33da10, 0x0a33dc00, 0x0a831000)
 Metaspace       used 15044K, capacity 15529K, committed 15616K, reserved 15744K
Event: 33.485 GC heap after
Heap after GC invocations=12 (full 4):
 def new generation   total 6016K, used 465K [0x04600000, 0x04c80000, 0x09b50000)
  eden space 5376K,   0% used [0x04600000, 0x04600000, 0x04b40000)
  from space 640K,  72% used [0x04b40000, 0x04bb4798, 0x04be0000)
  to   space 640K,   0% used [0x04be0000, 0x04be0000, 0x04c80000)
 tenured generation   total 13188K, used 8739K [0x09b50000, 0x0a831000, 0x14600000)
   the space 13188K,  66% used [0x09b50000, 0x0a3d8c78, 0x0a3d8e00, 0x0a831000)
 Metaspace       used 15044K, capacity 15529K, committed 15616K, reserved 15744K
}
Event: 35.360 GC heap before
{Heap before GC invocations=12 (full 4):
 def new generation   total 6016K, used 5841K [0x04600000, 0x04c80000, 0x09b50000)
  eden space 5376K, 100% used [0x04600000, 0x04b40000, 0x04b40000)
  from space 640K,  72% used [0x04b40000, 0x04bb4798, 0x04be0000)
  to   space 640K,   0% used [0x04be0000, 0x04be0000, 0x04c80000)
 tenured generation   total 13188K, used 8739K [0x09b50000, 0x0a831000, 0x14600000)
   the space 13188K,  66% used [0x09b50000, 0x0a3d8c78, 0x0a3d8e00, 0x0a831000)
 Metaspace       used 16088K, capacity 16689K, committed 16768K, reserved 16768K
Event: 35.369 GC heap after
Heap after GC invocations=13 (full 4):
 def new generation   total 6016K, used 439K [0x04600000, 0x04c80000, 0x09b50000)
  eden space 5376K,   0% used [0x04600000, 0x04600000, 0x04b40000)
  from space 640K,  68% used [0x04be0000, 0x04c4dfe0, 0x04c80000)
  to   space 640K,   0% used [0x04b40000, 0x04b40000, 0x04be0000)
 tenured generation   total 13188K, used 9052K [0x09b50000, 0x0a831000, 0x14600000)
   the space 13188K,  68% used [0x09b50000, 0x0a427308, 0x0a427400, 0x0a831000)
 Metaspace       used 16088K, capacity 16689K, committed 16768K, reserved 16768K
}
Event: 36.845 GC heap before
{Heap before GC invocations=13 (full 4):
 def new generation   total 6016K, used 5815K [0x04600000, 0x04c80000, 0x09b50000)
  eden space 5376K, 100% used [0x04600000, 0x04b40000, 0x04b40000)
  from space 640K,  68% used [0x04be0000, 0x04c4dfe0, 0x04c80000)
  to   space 640K,   0% used [0x04b40000, 0x04b40000, 0x04be0000)
 tenured generation   total 13188K, used 9052K [0x09b50000, 0x0a831000, 0x14600000)
   the space 13188K,  68% used [0x09b50000, 0x0a427308, 0x0a427400, 0x0a831000)
 Metaspace       used 17063K, capacity 17787K, committed 17792K, reserved 17792K
Event: 36.852 GC heap after
Heap after GC invocations=14 (full 4):
 def new generation   total 6016K, used 640K [0x04600000, 0x04c80000, 0x09b50000)
  eden space 5376K,   0% used [0x04600000, 0x04600000, 0x04b40000)
  from space 640K, 100% used [0x04b40000, 0x04be0000, 0x04be0000)
  to   space 640K,   0% used [0x04be0000, 0x04be0000, 0x04c80000)
 tenured generation   total 13188K, used 9574K [0x09b50000, 0x0a831000, 0x14600000)
   the space 13188K,  72% used [0x09b50000, 0x0a4a9af0, 0x0a4a9c00, 0x0a831000)
 Metaspace       used 17063K, capacity 17787K, committed 17792K, reserved 17792K
}
Event: 38.490 GC heap before
{Heap before GC invocations=14 (full 4):
 def new generation   total 6016K, used 5563K [0x04600000, 0x04c80000, 0x09b50000)
  eden space 5376K,  91% used [0x04600000, 0x04acef00, 0x04b40000)
  from space 640K, 100% used [0x04b40000, 0x04be0000, 0x04be0000)
  to   space 640K,   0% used [0x04be0000, 0x04be0000, 0x04c80000)
 tenured generation   total 13188K, used 9574K [0x09b50000, 0x0a831000, 0x14600000)
   the space 13188K,  72% used [0x09b50000, 0x0a4a9af0, 0x0a4a9c00, 0x0a831000)
 Metaspace       used 17562K, capacity 18355K, committed 18432K, reserved 18816K
Event: 38.515 GC heap after
Heap after GC invocations=15 (full 4):
 def new generation   total 6016K, used 366K [0x04600000, 0x04c80000, 0x09b50000)
  eden space 5376K,   0% used [0x04600000, 0x04600000, 0x04b40000)
  from space 640K,  57% used [0x04be0000, 0x04c3bb78, 0x04c80000)
  to   space 640K,   0% used [0x04b40000, 0x04b40000, 0x04be0000)
 tenured generation   total 13188K, used 12256K [0x09b50000, 0x0a831000, 0x14600000)
   the space 13188K,  92% used [0x09b50000, 0x0a748000, 0x0a748000, 0x0a831000)
 Metaspace       used 17562K, capacity 18355K, committed 18432K, reserved 18816K
}

